c:\users\ethan bui\desktop\pianow\keyboardrecognition\keyboardrecognition\release\keyboardrecognition.pch
c:\users\ethan bui\desktop\pianow\keyboardrecognition\keyboardrecognition\release\vc141.pdb
c:\users\ethan bui\desktop\pianow\keyboardrecognition\keyboardrecognition\release\pch.obj
c:\users\ethan bui\desktop\pianow\keyboardrecognition\keyboardrecognition\release\dllmain.obj
c:\users\ethan bui\desktop\pianow\keyboardrecognition\keyboardrecognition\release\keyboardrecognition.obj
c:\users\ethan bui\desktop\pianow\keyboardrecognition\release\keyboardrecognition\opencv_aruco310.winmd
c:\users\ethan bui\desktop\pianow\keyboardrecognition\release\keyboardrecognition\opencv_bgsegm310.winmd
c:\users\ethan bui\desktop\pianow\keyboardrecognition\release\keyboardrecognition\opencv_bioinspired310.winmd
c:\users\ethan bui\desktop\pianow\keyboardrecognition\release\keyboardrecognition\opencv_calib3d310.winmd
c:\users\ethan bui\desktop\pianow\keyboardrecognition\release\keyboardrecognition\opencv_ccalib310.winmd
c:\users\ethan bui\desktop\pianow\keyboardrecognition\release\keyboardrecognition\opencv_core310.winmd
c:\users\ethan bui\desktop\pianow\keyboardrecognition\release\keyboardrecognition\opencv_datasets310.winmd
c:\users\ethan bui\desktop\pianow\keyboardrecognition\release\keyboardrecognition\opencv_dpm310.winmd
c:\users\ethan bui\desktop\pianow\keyboardrecognition\release\keyboardrecognition\opencv_face310.winmd
c:\users\ethan bui\desktop\pianow\keyboardrecognition\release\keyboardrecognition\opencv_features2d310.winmd
c:\users\ethan bui\desktop\pianow\keyboardrecognition\release\keyboardrecognition\opencv_flann310.winmd
c:\users\ethan bui\desktop\pianow\keyboardrecognition\release\keyboardrecognition\opencv_fuzzy310.winmd
c:\users\ethan bui\desktop\pianow\keyboardrecognition\release\keyboardrecognition\opencv_highgui310.winmd
c:\users\ethan bui\desktop\pianow\keyboardrecognition\release\keyboardrecognition\opencv_imgcodecs310.winmd
c:\users\ethan bui\desktop\pianow\keyboardrecognition\release\keyboardrecognition\opencv_imgproc310.winmd
c:\users\ethan bui\desktop\pianow\keyboardrecognition\release\keyboardrecognition\opencv_line_descriptor310.winmd
c:\users\ethan bui\desktop\pianow\keyboardrecognition\release\keyboardrecognition\opencv_ml310.winmd
c:\users\ethan bui\desktop\pianow\keyboardrecognition\release\keyboardrecognition\opencv_objdetect310.winmd
c:\users\ethan bui\desktop\pianow\keyboardrecognition\release\keyboardrecognition\opencv_optflow310.winmd
c:\users\ethan bui\desktop\pianow\keyboardrecognition\release\keyboardrecognition\opencv_phase_unwrapping310.winmd
c:\users\ethan bui\desktop\pianow\keyboardrecognition\release\keyboardrecognition\opencv_photo310.winmd
c:\users\ethan bui\desktop\pianow\keyboardrecognition\release\keyboardrecognition\opencv_plot310.winmd
c:\users\ethan bui\desktop\pianow\keyboardrecognition\release\keyboardrecognition\opencv_reg310.winmd
c:\users\ethan bui\desktop\pianow\keyboardrecognition\release\keyboardrecognition\opencv_rgbd310.winmd
c:\users\ethan bui\desktop\pianow\keyboardrecognition\release\keyboardrecognition\opencv_saliency310.winmd
c:\users\ethan bui\desktop\pianow\keyboardrecognition\release\keyboardrecognition\opencv_shape310.winmd
c:\users\ethan bui\desktop\pianow\keyboardrecognition\release\keyboardrecognition\opencv_stereo310.winmd
c:\users\ethan bui\desktop\pianow\keyboardrecognition\release\keyboardrecognition\opencv_stitching310.winmd
c:\users\ethan bui\desktop\pianow\keyboardrecognition\release\keyboardrecognition\opencv_structured_light310.winmd
c:\users\ethan bui\desktop\pianow\keyboardrecognition\release\keyboardrecognition\opencv_surface_matching310.winmd
c:\users\ethan bui\desktop\pianow\keyboardrecognition\release\keyboardrecognition\opencv_text310.winmd
c:\users\ethan bui\desktop\pianow\keyboardrecognition\release\keyboardrecognition\opencv_tracking310.winmd
c:\users\ethan bui\desktop\pianow\keyboardrecognition\release\keyboardrecognition\opencv_video310.winmd
c:\users\ethan bui\desktop\pianow\keyboardrecognition\release\keyboardrecognition\opencv_videoio310.winmd
c:\users\ethan bui\desktop\pianow\keyboardrecognition\release\keyboardrecognition\opencv_videostab310.winmd
c:\users\ethan bui\desktop\pianow\keyboardrecognition\release\keyboardrecognition\opencv_xfeatures2d310.winmd
c:\users\ethan bui\desktop\pianow\keyboardrecognition\release\keyboardrecognition\opencv_ximgproc310.winmd
c:\users\ethan bui\desktop\pianow\keyboardrecognition\release\keyboardrecognition\opencv_xobjdetect310.winmd
c:\users\ethan bui\desktop\pianow\keyboardrecognition\release\keyboardrecognition\opencv_xphoto310.winmd
c:\users\ethan bui\desktop\pianow\keyboardrecognition\release\keyboardrecognition\opencv_aruco310.dll
c:\users\ethan bui\desktop\pianow\keyboardrecognition\release\keyboardrecognition\opencv_aruco310.pdb
c:\users\ethan bui\desktop\pianow\keyboardrecognition\release\keyboardrecognition\opencv_aruco310.pri
c:\users\ethan bui\desktop\pianow\keyboardrecognition\release\keyboardrecognition\opencv_bgsegm310.dll
c:\users\ethan bui\desktop\pianow\keyboardrecognition\release\keyboardrecognition\opencv_bgsegm310.pdb
c:\users\ethan bui\desktop\pianow\keyboardrecognition\release\keyboardrecognition\opencv_bgsegm310.pri
c:\users\ethan bui\desktop\pianow\keyboardrecognition\release\keyboardrecognition\opencv_bioinspired310.dll
c:\users\ethan bui\desktop\pianow\keyboardrecognition\release\keyboardrecognition\opencv_bioinspired310.pdb
c:\users\ethan bui\desktop\pianow\keyboardrecognition\release\keyboardrecognition\opencv_bioinspired310.pri
c:\users\ethan bui\desktop\pianow\keyboardrecognition\release\keyboardrecognition\opencv_calib3d310.dll
c:\users\ethan bui\desktop\pianow\keyboardrecognition\release\keyboardrecognition\opencv_calib3d310.pdb
c:\users\ethan bui\desktop\pianow\keyboardrecognition\release\keyboardrecognition\opencv_calib3d310.pri
c:\users\ethan bui\desktop\pianow\keyboardrecognition\release\keyboardrecognition\opencv_ccalib310.dll
c:\users\ethan bui\desktop\pianow\keyboardrecognition\release\keyboardrecognition\opencv_ccalib310.pdb
c:\users\ethan bui\desktop\pianow\keyboardrecognition\release\keyboardrecognition\opencv_ccalib310.pri
c:\users\ethan bui\desktop\pianow\keyboardrecognition\release\keyboardrecognition\opencv_core310.dll
c:\users\ethan bui\desktop\pianow\keyboardrecognition\release\keyboardrecognition\opencv_core310.pdb
c:\users\ethan bui\desktop\pianow\keyboardrecognition\release\keyboardrecognition\opencv_core310.pri
c:\users\ethan bui\desktop\pianow\keyboardrecognition\release\keyboardrecognition\opencv_datasets310.dll
c:\users\ethan bui\desktop\pianow\keyboardrecognition\release\keyboardrecognition\opencv_datasets310.pdb
c:\users\ethan bui\desktop\pianow\keyboardrecognition\release\keyboardrecognition\opencv_datasets310.pri
c:\users\ethan bui\desktop\pianow\keyboardrecognition\release\keyboardrecognition\opencv_dpm310.dll
c:\users\ethan bui\desktop\pianow\keyboardrecognition\release\keyboardrecognition\opencv_dpm310.pdb
c:\users\ethan bui\desktop\pianow\keyboardrecognition\release\keyboardrecognition\opencv_dpm310.pri
c:\users\ethan bui\desktop\pianow\keyboardrecognition\release\keyboardrecognition\opencv_face310.dll
c:\users\ethan bui\desktop\pianow\keyboardrecognition\release\keyboardrecognition\opencv_face310.pdb
c:\users\ethan bui\desktop\pianow\keyboardrecognition\release\keyboardrecognition\opencv_face310.pri
c:\users\ethan bui\desktop\pianow\keyboardrecognition\release\keyboardrecognition\opencv_features2d310.dll
c:\users\ethan bui\desktop\pianow\keyboardrecognition\release\keyboardrecognition\opencv_features2d310.pdb
c:\users\ethan bui\desktop\pianow\keyboardrecognition\release\keyboardrecognition\opencv_features2d310.pri
c:\users\ethan bui\desktop\pianow\keyboardrecognition\release\keyboardrecognition\opencv_flann310.dll
c:\users\ethan bui\desktop\pianow\keyboardrecognition\release\keyboardrecognition\opencv_flann310.pdb
c:\users\ethan bui\desktop\pianow\keyboardrecognition\release\keyboardrecognition\opencv_flann310.pri
c:\users\ethan bui\desktop\pianow\keyboardrecognition\release\keyboardrecognition\opencv_fuzzy310.dll
c:\users\ethan bui\desktop\pianow\keyboardrecognition\release\keyboardrecognition\opencv_fuzzy310.pdb
c:\users\ethan bui\desktop\pianow\keyboardrecognition\release\keyboardrecognition\opencv_fuzzy310.pri
c:\users\ethan bui\desktop\pianow\keyboardrecognition\release\keyboardrecognition\opencv_highgui310.dll
c:\users\ethan bui\desktop\pianow\keyboardrecognition\release\keyboardrecognition\opencv_highgui310.pdb
c:\users\ethan bui\desktop\pianow\keyboardrecognition\release\keyboardrecognition\opencv_highgui310.pri
c:\users\ethan bui\desktop\pianow\keyboardrecognition\release\keyboardrecognition\opencv_imgcodecs310.dll
c:\users\ethan bui\desktop\pianow\keyboardrecognition\release\keyboardrecognition\opencv_imgcodecs310.pdb
c:\users\ethan bui\desktop\pianow\keyboardrecognition\release\keyboardrecognition\opencv_imgcodecs310.pri
c:\users\ethan bui\desktop\pianow\keyboardrecognition\release\keyboardrecognition\opencv_imgproc310.dll
c:\users\ethan bui\desktop\pianow\keyboardrecognition\release\keyboardrecognition\opencv_imgproc310.pdb
c:\users\ethan bui\desktop\pianow\keyboardrecognition\release\keyboardrecognition\opencv_imgproc310.pri
c:\users\ethan bui\desktop\pianow\keyboardrecognition\release\keyboardrecognition\opencv_line_descriptor310.dll
c:\users\ethan bui\desktop\pianow\keyboardrecognition\release\keyboardrecognition\opencv_line_descriptor310.pdb
c:\users\ethan bui\desktop\pianow\keyboardrecognition\release\keyboardrecognition\opencv_line_descriptor310.pri
c:\users\ethan bui\desktop\pianow\keyboardrecognition\release\keyboardrecognition\opencv_ml310.dll
c:\users\ethan bui\desktop\pianow\keyboardrecognition\release\keyboardrecognition\opencv_ml310.pdb
c:\users\ethan bui\desktop\pianow\keyboardrecognition\release\keyboardrecognition\opencv_ml310.pri
c:\users\ethan bui\desktop\pianow\keyboardrecognition\release\keyboardrecognition\opencv_objdetect310.dll
c:\users\ethan bui\desktop\pianow\keyboardrecognition\release\keyboardrecognition\opencv_objdetect310.pdb
c:\users\ethan bui\desktop\pianow\keyboardrecognition\release\keyboardrecognition\opencv_objdetect310.pri
c:\users\ethan bui\desktop\pianow\keyboardrecognition\release\keyboardrecognition\opencv_optflow310.dll
c:\users\ethan bui\desktop\pianow\keyboardrecognition\release\keyboardrecognition\opencv_optflow310.pdb
c:\users\ethan bui\desktop\pianow\keyboardrecognition\release\keyboardrecognition\opencv_optflow310.pri
c:\users\ethan bui\desktop\pianow\keyboardrecognition\release\keyboardrecognition\opencv_phase_unwrapping310.dll
c:\users\ethan bui\desktop\pianow\keyboardrecognition\release\keyboardrecognition\opencv_phase_unwrapping310.pdb
c:\users\ethan bui\desktop\pianow\keyboardrecognition\release\keyboardrecognition\opencv_phase_unwrapping310.pri
c:\users\ethan bui\desktop\pianow\keyboardrecognition\release\keyboardrecognition\opencv_photo310.dll
c:\users\ethan bui\desktop\pianow\keyboardrecognition\release\keyboardrecognition\opencv_photo310.pdb
c:\users\ethan bui\desktop\pianow\keyboardrecognition\release\keyboardrecognition\opencv_photo310.pri
c:\users\ethan bui\desktop\pianow\keyboardrecognition\release\keyboardrecognition\opencv_plot310.dll
c:\users\ethan bui\desktop\pianow\keyboardrecognition\release\keyboardrecognition\opencv_plot310.pdb
c:\users\ethan bui\desktop\pianow\keyboardrecognition\release\keyboardrecognition\opencv_plot310.pri
c:\users\ethan bui\desktop\pianow\keyboardrecognition\release\keyboardrecognition\opencv_reg310.dll
c:\users\ethan bui\desktop\pianow\keyboardrecognition\release\keyboardrecognition\opencv_reg310.pdb
c:\users\ethan bui\desktop\pianow\keyboardrecognition\release\keyboardrecognition\opencv_reg310.pri
c:\users\ethan bui\desktop\pianow\keyboardrecognition\release\keyboardrecognition\opencv_rgbd310.dll
c:\users\ethan bui\desktop\pianow\keyboardrecognition\release\keyboardrecognition\opencv_rgbd310.pdb
c:\users\ethan bui\desktop\pianow\keyboardrecognition\release\keyboardrecognition\opencv_rgbd310.pri
c:\users\ethan bui\desktop\pianow\keyboardrecognition\release\keyboardrecognition\opencv_saliency310.dll
c:\users\ethan bui\desktop\pianow\keyboardrecognition\release\keyboardrecognition\opencv_saliency310.pdb
c:\users\ethan bui\desktop\pianow\keyboardrecognition\release\keyboardrecognition\opencv_saliency310.pri
c:\users\ethan bui\desktop\pianow\keyboardrecognition\release\keyboardrecognition\opencv_shape310.dll
c:\users\ethan bui\desktop\pianow\keyboardrecognition\release\keyboardrecognition\opencv_shape310.pdb
c:\users\ethan bui\desktop\pianow\keyboardrecognition\release\keyboardrecognition\opencv_shape310.pri
c:\users\ethan bui\desktop\pianow\keyboardrecognition\release\keyboardrecognition\opencv_stereo310.dll
c:\users\ethan bui\desktop\pianow\keyboardrecognition\release\keyboardrecognition\opencv_stereo310.pdb
c:\users\ethan bui\desktop\pianow\keyboardrecognition\release\keyboardrecognition\opencv_stereo310.pri
c:\users\ethan bui\desktop\pianow\keyboardrecognition\release\keyboardrecognition\opencv_stitching310.dll
c:\users\ethan bui\desktop\pianow\keyboardrecognition\release\keyboardrecognition\opencv_stitching310.pdb
c:\users\ethan bui\desktop\pianow\keyboardrecognition\release\keyboardrecognition\opencv_stitching310.pri
c:\users\ethan bui\desktop\pianow\keyboardrecognition\release\keyboardrecognition\opencv_structured_light310.dll
c:\users\ethan bui\desktop\pianow\keyboardrecognition\release\keyboardrecognition\opencv_structured_light310.pdb
c:\users\ethan bui\desktop\pianow\keyboardrecognition\release\keyboardrecognition\opencv_structured_light310.pri
c:\users\ethan bui\desktop\pianow\keyboardrecognition\release\keyboardrecognition\opencv_surface_matching310.dll
c:\users\ethan bui\desktop\pianow\keyboardrecognition\release\keyboardrecognition\opencv_surface_matching310.pdb
c:\users\ethan bui\desktop\pianow\keyboardrecognition\release\keyboardrecognition\opencv_surface_matching310.pri
c:\users\ethan bui\desktop\pianow\keyboardrecognition\release\keyboardrecognition\opencv_text310.dll
c:\users\ethan bui\desktop\pianow\keyboardrecognition\release\keyboardrecognition\opencv_text310.pdb
c:\users\ethan bui\desktop\pianow\keyboardrecognition\release\keyboardrecognition\opencv_text310.pri
c:\users\ethan bui\desktop\pianow\keyboardrecognition\release\keyboardrecognition\opencv_tracking310.dll
c:\users\ethan bui\desktop\pianow\keyboardrecognition\release\keyboardrecognition\opencv_tracking310.pdb
c:\users\ethan bui\desktop\pianow\keyboardrecognition\release\keyboardrecognition\opencv_tracking310.pri
c:\users\ethan bui\desktop\pianow\keyboardrecognition\release\keyboardrecognition\opencv_video310.dll
c:\users\ethan bui\desktop\pianow\keyboardrecognition\release\keyboardrecognition\opencv_video310.pdb
c:\users\ethan bui\desktop\pianow\keyboardrecognition\release\keyboardrecognition\opencv_video310.pri
c:\users\ethan bui\desktop\pianow\keyboardrecognition\release\keyboardrecognition\opencv_videoio310.dll
c:\users\ethan bui\desktop\pianow\keyboardrecognition\release\keyboardrecognition\opencv_videoio310.pdb
c:\users\ethan bui\desktop\pianow\keyboardrecognition\release\keyboardrecognition\opencv_videoio310.pri
c:\users\ethan bui\desktop\pianow\keyboardrecognition\release\keyboardrecognition\opencv_videostab310.dll
c:\users\ethan bui\desktop\pianow\keyboardrecognition\release\keyboardrecognition\opencv_videostab310.pdb
c:\users\ethan bui\desktop\pianow\keyboardrecognition\release\keyboardrecognition\opencv_videostab310.pri
c:\users\ethan bui\desktop\pianow\keyboardrecognition\release\keyboardrecognition\opencv_xfeatures2d310.dll
c:\users\ethan bui\desktop\pianow\keyboardrecognition\release\keyboardrecognition\opencv_xfeatures2d310.pdb
c:\users\ethan bui\desktop\pianow\keyboardrecognition\release\keyboardrecognition\opencv_xfeatures2d310.pri
c:\users\ethan bui\desktop\pianow\keyboardrecognition\release\keyboardrecognition\opencv_ximgproc310.dll
c:\users\ethan bui\desktop\pianow\keyboardrecognition\release\keyboardrecognition\opencv_ximgproc310.pdb
c:\users\ethan bui\desktop\pianow\keyboardrecognition\release\keyboardrecognition\opencv_ximgproc310.pri
c:\users\ethan bui\desktop\pianow\keyboardrecognition\release\keyboardrecognition\opencv_xobjdetect310.dll
c:\users\ethan bui\desktop\pianow\keyboardrecognition\release\keyboardrecognition\opencv_xobjdetect310.pdb
c:\users\ethan bui\desktop\pianow\keyboardrecognition\release\keyboardrecognition\opencv_xobjdetect310.pri
c:\users\ethan bui\desktop\pianow\keyboardrecognition\release\keyboardrecognition\opencv_xphoto310.dll
c:\users\ethan bui\desktop\pianow\keyboardrecognition\release\keyboardrecognition\opencv_xphoto310.pdb
c:\users\ethan bui\desktop\pianow\keyboardrecognition\release\keyboardrecognition\opencv_xphoto310.pri
c:\users\ethan bui\desktop\pianow\keyboardrecognition\release\keyboardrecognition\keyboardrecognition.lib
c:\users\ethan bui\desktop\pianow\keyboardrecognition\release\keyboardrecognition\keyboardrecognition.exp
c:\users\ethan bui\desktop\pianow\keyboardrecognition\release\keyboardrecognition\keyboardrecognition.ipdb
c:\users\ethan bui\desktop\pianow\keyboardrecognition\release\keyboardrecognition\keyboardrecognition.iobj
c:\users\ethan bui\desktop\pianow\keyboardrecognition\keyboardrecognition\release\keyboardrecognition.vcxprojresolveassemblyreference.cache
c:\users\ethan bui\desktop\pianow\keyboardrecognition\keyboardrecognition\release\priconfig.xml
c:\users\ethan bui\desktop\pianow\keyboardrecognition\keyboardrecognition\release\priconfig.xml.intermediate
c:\users\ethan bui\desktop\pianow\keyboardrecognition\keyboardrecognition\release\layout.resfiles
c:\users\ethan bui\desktop\pianow\keyboardrecognition\keyboardrecognition\release\layout.resfiles.intermediate
c:\users\ethan bui\desktop\pianow\keyboardrecognition\keyboardrecognition\release\resources.resfiles
c:\users\ethan bui\desktop\pianow\keyboardrecognition\keyboardrecognition\release\resources.resfiles.intermediate
c:\users\ethan bui\desktop\pianow\keyboardrecognition\keyboardrecognition\release\pri.resfiles
c:\users\ethan bui\desktop\pianow\keyboardrecognition\keyboardrecognition\release\pri.resfiles.intermediate
c:\users\ethan bui\desktop\pianow\keyboardrecognition\release\keyboardrecognition\keyboardrecognition.pri
c:\users\ethan bui\desktop\pianow\keyboardrecognition\keyboardrecognition\release\qualifiers.txt
c:\users\ethan bui\desktop\pianow\keyboardrecognition\keyboardrecognition\release\qualifiers.txt.intermediate
c:\users\ethan bui\desktop\pianow\keyboardrecognition\keyboardrecognition\release\multiplequalifiersperdimensionfound.txt
c:\users\ethan bui\desktop\pianow\keyboardrecognition\release\keyboardrecognition\keyboardrecognition.dll
c:\users\ethan bui\desktop\pianow\keyboardrecognition\release\keyboardrecognition\keyboardrecognition.pdb
c:\users\ethan bui\desktop\pianow\keyboardrecognition\keyboardrecognition\release\embed.resfiles
c:\users\ethan bui\desktop\pianow\keyboardrecognition\keyboardrecognition\release\keyboard.42aacbe1.tlog\cl.command.1.tlog
c:\users\ethan bui\desktop\pianow\keyboardrecognition\keyboardrecognition\release\keyboard.42aacbe1.tlog\cl.read.1.tlog
c:\users\ethan bui\desktop\pianow\keyboardrecognition\keyboardrecognition\release\keyboard.42aacbe1.tlog\cl.write.1.tlog
c:\users\ethan bui\desktop\pianow\keyboardrecognition\keyboardrecognition\release\keyboard.42aacbe1.tlog\keyboardrecognition.read.1u.tlog
c:\users\ethan bui\desktop\pianow\keyboardrecognition\keyboardrecognition\release\keyboard.42aacbe1.tlog\keyboardrecognition.write.1u.tlog
c:\users\ethan bui\desktop\pianow\keyboardrecognition\keyboardrecognition\release\keyboard.42aacbe1.tlog\link.command.1.tlog
c:\users\ethan bui\desktop\pianow\keyboardrecognition\keyboardrecognition\release\keyboard.42aacbe1.tlog\link.delete.1.tlog
c:\users\ethan bui\desktop\pianow\keyboardrecognition\keyboardrecognition\release\keyboard.42aacbe1.tlog\link.read.1.tlog
c:\users\ethan bui\desktop\pianow\keyboardrecognition\keyboardrecognition\release\keyboard.42aacbe1.tlog\link.write.1.tlog
